<?xml version="1.0" encoding="UTF-8" ?>
<testsuite tests="8" failures="4" name="id.sparepart.bengkel.kelompokbengkel14.test.LoginTest" time="0.902" errors="0" skipped="0">
  <properties>
[...]
</properties>
  <testcase classname="Skenario: Memasukan User Baru" name="Dengan Data user baru yang akan dimasukan tersedia dan tidak duplikat dengan data yang telah ada di sistem" time="0"/>
  <testcase classname="Skenario: Memasukan User Baru" name="Ketika Memasukan data user dengan nama \&quot;badu\&quot;" time="0"/>
  <testcase classname="Skenario: Memasukan User Baru" name="Maka respon \&quot;user sukses dimasukan\&quot;" time="0">
    <failure message="expected:&lt;user sukses dimasukan&gt; but was:&lt;null&gt;" type="junit.framework.ComparisonFailure">junit.framework.ComparisonFailure: expected:&lt;user sukses dimasukan&gt; but was:&lt;null&gt;
	at junit.framework.Assert.assertEquals(Assert.java:100)
	at junit.framework.Assert.assertEquals(Assert.java:107)
	at id.sparepart.bengkel.kelompokbengkel14.test.LoginContext.respon(LoginContext.java:39)
	at ✽.Maka respon &quot;user sukses dimasukan&quot;(id/sparepart/bengkel/kelompokbengkel14/test/LoginTest.feature:10)
</failure>
  </testcase>
  <testcase classname="Skenario: Memasukan User Baru" name="Skenario: Memasukan User Baru" time="0">
    <failure message="expected:&lt;user sukses dimasukan&gt; but was:&lt;null&gt;" type="junit.framework.ComparisonFailure">junit.framework.ComparisonFailure: expected:&lt;user sukses dimasukan&gt; but was:&lt;null&gt;
	at junit.framework.Assert.assertEquals(Assert.java:100)
	at junit.framework.Assert.assertEquals(Assert.java:107)
	at id.sparepart.bengkel.kelompokbengkel14.test.LoginContext.respon(LoginContext.java:39)
	at ✽.Maka respon &quot;user sukses dimasukan&quot;(id/sparepart/bengkel/kelompokbengkel14/test/LoginTest.feature:10)
</failure>
  </testcase>
  <testcase classname="Skenario: Memasukan User Baru" name="Dengan Data user baru yang akan dimasukan tersedia dan tidak duplikat dengan data yang telah ada di sistem" time="0"/>
  <testcase classname="Skenario: Memasukan User Baru" name="Ketika Memasukan data user dengan nama \&quot;deni\&quot;" time="0"/>
  <testcase classname="Skenario: Memasukan User Baru" name="Maka respon gagal dengan pesan \&quot;duplicate\&quot;" time="0">
    <failure message="expected:&lt;duplicate&gt; but was:&lt;null&gt;" type="junit.framework.ComparisonFailure">junit.framework.ComparisonFailure: expected:&lt;duplicate&gt; but was:&lt;null&gt;
	at junit.framework.Assert.assertEquals(Assert.java:100)
	at junit.framework.Assert.assertEquals(Assert.java:107)
	at id.sparepart.bengkel.kelompokbengkel14.test.LoginContext.respon_gagal_dengan_pesan(LoginContext.java:45)
	at ✽.Maka respon gagal dengan pesan &quot;duplicate&quot;(id/sparepart/bengkel/kelompokbengkel14/test/LoginTest.feature:16)
</failure>
  </testcase>
  <testcase classname="Skenario: Memasukan User Baru" name="Skenario: Memasukan User Baru" time="0">
    <failure message="expected:&lt;duplicate&gt; but was:&lt;null&gt;" type="junit.framework.ComparisonFailure">junit.framework.ComparisonFailure: expected:&lt;duplicate&gt; but was:&lt;null&gt;
	at junit.framework.Assert.assertEquals(Assert.java:100)
	at junit.framework.Assert.assertEquals(Assert.java:107)
	at id.sparepart.bengkel.kelompokbengkel14.test.LoginContext.respon_gagal_dengan_pesan(LoginContext.java:45)
	at ✽.Maka respon gagal dengan pesan &quot;duplicate&quot;(id/sparepart/bengkel/kelompokbengkel14/test/LoginTest.feature:16)
</failure>
  </testcase>
</testsuite>